2022-03-29 18:13:05.1512:ERROR: Route Info:(GET)UserInformation/Edit/;id=12, Session Info:UserId:1, POST Values:[]
System.ArgumentNullException: Value cannot be null.
Parameter name: items
   at System.Web.Mvc.MultiSelectList..ctor(IEnumerable items, String dataValueField, String dataTextField, String dataGroupField, IEnumerable selectedValues, IEnumerable disabledValues, IEnumerable disabledGroups)
   at CallSite.Target(Closure , CallSite , Type , Object , String , String , Object )
   at System.Dynamic.UpdateDelegates.UpdateAndExecute5[T0,T1,T2,T3,T4,TRet](CallSite site, T0 arg0, T1 arg1, T2 arg2, T3 arg3, T4 arg4)
   at ASP._Page_Views_UserInformation_Edit_cshtml.Execute() in D:\IdentTech-TimeAidePayroll\devOps\Repo\TimeAideWeb\Views\UserInformation\Edit.cshtml:line 81
   at System.Web.WebPages.WebPageBase.ExecutePageHierarchy()
   at System.Web.Mvc.WebViewPage.ExecutePageHierarchy()
   at System.Web.WebPages.WebPageBase.ExecutePageHierarchy(WebPageContext pageContext, TextWriter writer, WebPageRenderingBase startPage)
   at System.Web.Mvc.RazorView.RenderView(ViewContext viewContext, TextWriter writer, Object instance)
   at System.Web.Mvc.BuildManagerCompiledView.Render(ViewContext viewContext, TextWriter writer)
   at System.Web.Mvc.ViewResultBase.ExecuteResult(ControllerContext context)
   at System.Web.Mvc.ControllerActionInvoker.InvokeActionResult(ControllerContext controllerContext, ActionResult actionResult)
   at System.Web.Mvc.ControllerActionInvoker.InvokeActionResultFilterRecursive(IList`1 filters, Int32 filterIndex, ResultExecutingContext preContext, ControllerContext controllerContext, ActionResult actionResult)
   at System.Web.Mvc.ControllerActionInvoker.InvokeActionResultFilterRecursive(IList`1 filters, Int32 filterIndex, ResultExecutingContext preContext, ControllerContext controllerContext, ActionResult actionResult)
   at System.Web.Mvc.ControllerActionInvoker.InvokeActionResultWithFilters(ControllerContext controllerContext, IList`1 filters, ActionResult actionResult)
   at System.Web.Mvc.Async.AsyncControllerActionInvoker.<>c__DisplayClass21.<>c__DisplayClass2b.<BeginInvokeAction>b__1c()
   at System.Web.Mvc.Async.AsyncControllerActionInvoker.<>c__DisplayClass21.<BeginInvokeAction>b__1e(IAsyncResult asyncResult)
2022-03-29 18:13:29.3013:ERROR: Route Info:(GET)UserInformation/Edit/;id=12, Session Info:UserId:1, POST Values:[]
System.ArgumentNullException: Value cannot be null.
Parameter name: items
   at System.Web.Mvc.MultiSelectList..ctor(IEnumerable items, String dataValueField, String dataTextField, String dataGroupField, IEnumerable selectedValues, IEnumerable disabledValues, IEnumerable disabledGroups)
   at CallSite.Target(Closure , CallSite , Type , Object , String , String , Object )
   at ASP._Page_Views_UserInformation_Edit_cshtml.Execute() in D:\IdentTech-TimeAidePayroll\devOps\Repo\TimeAideWeb\Views\UserInformation\Edit.cshtml:line 81
   at System.Web.WebPages.WebPageBase.ExecutePageHierarchy()
   at System.Web.Mvc.WebViewPage.ExecutePageHierarchy()
   at System.Web.WebPages.WebPageBase.ExecutePageHierarchy(WebPageContext pageContext, TextWriter writer, WebPageRenderingBase startPage)
   at System.Web.Mvc.RazorView.RenderView(ViewContext viewContext, TextWriter writer, Object instance)
   at System.Web.Mvc.BuildManagerCompiledView.Render(ViewContext viewContext, TextWriter writer)
   at System.Web.Mvc.ViewResultBase.ExecuteResult(ControllerContext context)
   at System.Web.Mvc.ControllerActionInvoker.InvokeActionResult(ControllerContext controllerContext, ActionResult actionResult)
   at System.Web.Mvc.ControllerActionInvoker.InvokeActionResultFilterRecursive(IList`1 filters, Int32 filterIndex, ResultExecutingContext preContext, ControllerContext controllerContext, ActionResult actionResult)
   at System.Web.Mvc.ControllerActionInvoker.InvokeActionResultFilterRecursive(IList`1 filters, Int32 filterIndex, ResultExecutingContext preContext, ControllerContext controllerContext, ActionResult actionResult)
   at System.Web.Mvc.ControllerActionInvoker.InvokeActionResultWithFilters(ControllerContext controllerContext, IList`1 filters, ActionResult actionResult)
   at System.Web.Mvc.Async.AsyncControllerActionInvoker.<>c__DisplayClass21.<>c__DisplayClass2b.<BeginInvokeAction>b__1c()
   at System.Web.Mvc.Async.AsyncControllerActionInvoker.<>c__DisplayClass21.<BeginInvokeAction>b__1e(IAsyncResult asyncResult)
2022-03-29 18:13:47.4888:ERROR: Route Info:(GET)UserInformation/Edit/;id=12, Session Info:UserId:1, POST Values:[]
System.ArgumentNullException: Value cannot be null.
Parameter name: items
   at System.Web.Mvc.MultiSelectList..ctor(IEnumerable items, String dataValueField, String dataTextField, String dataGroupField, IEnumerable selectedValues, IEnumerable disabledValues, IEnumerable disabledGroups)
   at CallSite.Target(Closure , CallSite , Type , Object , String , String , Object )
   at ASP._Page_Views_UserInformation_Edit_cshtml.Execute() in D:\IdentTech-TimeAidePayroll\devOps\Repo\TimeAideWeb\Views\UserInformation\Edit.cshtml:line 81
   at System.Web.WebPages.WebPageBase.ExecutePageHierarchy()
   at System.Web.Mvc.WebViewPage.ExecutePageHierarchy()
   at System.Web.WebPages.WebPageBase.ExecutePageHierarchy(WebPageContext pageContext, TextWriter writer, WebPageRenderingBase startPage)
   at System.Web.Mvc.RazorView.RenderView(ViewContext viewContext, TextWriter writer, Object instance)
   at System.Web.Mvc.BuildManagerCompiledView.Render(ViewContext viewContext, TextWriter writer)
   at System.Web.Mvc.ViewResultBase.ExecuteResult(ControllerContext context)
   at System.Web.Mvc.ControllerActionInvoker.InvokeActionResult(ControllerContext controllerContext, ActionResult actionResult)
   at System.Web.Mvc.ControllerActionInvoker.InvokeActionResultFilterRecursive(IList`1 filters, Int32 filterIndex, ResultExecutingContext preContext, ControllerContext controllerContext, ActionResult actionResult)
   at System.Web.Mvc.ControllerActionInvoker.InvokeActionResultFilterRecursive(IList`1 filters, Int32 filterIndex, ResultExecutingContext preContext, ControllerContext controllerContext, ActionResult actionResult)
   at System.Web.Mvc.ControllerActionInvoker.InvokeActionResultWithFilters(ControllerContext controllerContext, IList`1 filters, ActionResult actionResult)
   at System.Web.Mvc.Async.AsyncControllerActionInvoker.<>c__DisplayClass21.<>c__DisplayClass2b.<BeginInvokeAction>b__1c()
   at System.Web.Mvc.Async.AsyncControllerActionInvoker.<>c__DisplayClass21.<BeginInvokeAction>b__1e(IAsyncResult asyncResult)
2022-03-29 18:15:02.3937:ERROR: Route Info:(GET)UserInformation/Edit/;id=12, Session Info:UserId:1, POST Values:[]
System.ArgumentNullException: Value cannot be null.
Parameter name: items
   at System.Web.Mvc.MultiSelectList..ctor(IEnumerable items, String dataValueField, String dataTextField, String dataGroupField, IEnumerable selectedValues, IEnumerable disabledValues, IEnumerable disabledGroups)
   at CallSite.Target(Closure , CallSite , Type , Object , String , String , Object )
   at ASP._Page_Views_UserInformation_Edit_cshtml.Execute() in D:\IdentTech-TimeAidePayroll\devOps\Repo\TimeAideWeb\Views\UserInformation\Edit.cshtml:line 81
   at System.Web.WebPages.WebPageBase.ExecutePageHierarchy()
   at System.Web.Mvc.WebViewPage.ExecutePageHierarchy()
   at System.Web.WebPages.WebPageBase.ExecutePageHierarchy(WebPageContext pageContext, TextWriter writer, WebPageRenderingBase startPage)
   at System.Web.Mvc.RazorView.RenderView(ViewContext viewContext, TextWriter writer, Object instance)
   at System.Web.Mvc.BuildManagerCompiledView.Render(ViewContext viewContext, TextWriter writer)
   at System.Web.Mvc.ViewResultBase.ExecuteResult(ControllerContext context)
   at System.Web.Mvc.ControllerActionInvoker.InvokeActionResult(ControllerContext controllerContext, ActionResult actionResult)
   at System.Web.Mvc.ControllerActionInvoker.InvokeActionResultFilterRecursive(IList`1 filters, Int32 filterIndex, ResultExecutingContext preContext, ControllerContext controllerContext, ActionResult actionResult)
   at System.Web.Mvc.ControllerActionInvoker.InvokeActionResultFilterRecursive(IList`1 filters, Int32 filterIndex, ResultExecutingContext preContext, ControllerContext controllerContext, ActionResult actionResult)
   at System.Web.Mvc.ControllerActionInvoker.InvokeActionResultWithFilters(ControllerContext controllerContext, IList`1 filters, ActionResult actionResult)
   at System.Web.Mvc.Async.AsyncControllerActionInvoker.<>c__DisplayClass21.<>c__DisplayClass2b.<BeginInvokeAction>b__1c()
   at System.Web.Mvc.Async.AsyncControllerActionInvoker.<>c__DisplayClass21.<BeginInvokeAction>b__1e(IAsyncResult asyncResult)
2022-03-29 18:20:39.8167:ERROR: Route Info:(POST)UserInformation/CreateEdit/;, Session Info:UserId:1, POST Values:[]
System.NullReferenceException: Object reference not set to an instance of an object.
   at TimeAide.Web.Controllers.UserInformationController.CreateEdit(UserInformation model) in D:\IdentTech-TimeAidePayroll\devOps\Repo\TimeAideWeb\Controllers\UserInformationController.cs:line 67
2022-03-29 18:21:04.4779:ERROR: Route Info:(POST)UserInformation/CreateEdit/;, Session Info:UserId:1, POST Values:[]
System.NullReferenceException: Object reference not set to an instance of an object.
   at TimeAide.Web.Controllers.UserInformationController.CreateEdit(UserInformation model) in D:\IdentTech-TimeAidePayroll\devOps\Repo\TimeAideWeb\Controllers\UserInformationController.cs:line 67
2022-03-29 22:31:29.4008:ERROR: Route Info:(POST)UserInformation/CreateEdit/;, Session Info:UserId:1, POST Values:[]
System.NullReferenceException: Object reference not set to an instance of an object.
   at TimeAide.Web.Controllers.UserInformationController.CreateEdit(UserInformation model) in D:\IdentTech-TimeAidePayroll\devOps\Repo\TimeAideWeb\Controllers\UserInformationController.cs:line 67
2022-03-29 22:31:39.2428:ERROR: Route Info:(POST)UserInformation/CreateEdit/;, Session Info:UserId:1, POST Values:[]
System.NullReferenceException: Object reference not set to an instance of an object.
   at TimeAide.Web.Controllers.UserInformationController.CreateEdit(UserInformation model) in D:\IdentTech-TimeAidePayroll\devOps\Repo\TimeAideWeb\Controllers\UserInformationController.cs:line 67
2022-03-29 22:32:28.5107:ERROR: Route Info:(POST)UserInformation/CreateEdit/;, Session Info:UserId:1, POST Values:[]
System.NullReferenceException: Object reference not set to an instance of an object.
   at TimeAide.Web.Controllers.UserInformationController.CreateEdit(UserInformation model) in D:\IdentTech-TimeAidePayroll\devOps\Repo\TimeAideWeb\Controllers\UserInformationController.cs:line 67
2022-03-29 22:32:42.5987:ERROR: Route Info:(POST)UserInformation/CreateEdit/;, Session Info:UserId:1, POST Values:[]
System.NullReferenceException: Object reference not set to an instance of an object.
   at TimeAide.Web.Controllers.UserInformationController.CreateEdit(UserInformation model) in D:\IdentTech-TimeAidePayroll\devOps\Repo\TimeAideWeb\Controllers\UserInformationController.cs:line 67
2022-03-29 22:37:38.0512:ERROR: Route Info:(POST)UserInformation/CreateEdit/;, Session Info:UserId:1, POST Values:[]
System.NullReferenceException: Object reference not set to an instance of an object.
   at TimeAide.Web.Controllers.UserInformationController.CreateEdit(UserInformation model) in D:\IdentTech-TimeAidePayroll\devOps\Repo\TimeAideWeb\Controllers\UserInformationController.cs:line 67
