2021-12-27 20:41:11.2507:ERROR: Route Info:(POST)PayrollTaxManagement/SaveEditTaxStatus/;, Session Info:UserId:1, POST Values:[]
System.InvalidOperationException: Nullable object must have a value.
   at System.ThrowHelper.ThrowInvalidOperationException(ExceptionResource resource)
   at System.Nullable`1.get_Value()
   at TimeAide.Web.Controllers.PayrollTaxManagementController.SaveEditTaxStatus(PayrollUpdateViewModel model) in D:\IdentTech-TimeAidePayroll\devOps\Repo\TimeAideWeb\Controllers\PayrollTaxManagementController.cs:line 139
2021-12-27 20:42:27.0683:ERROR: Route Info:(POST)PayrollTaxManagement/SaveEditTaxStatus/;, Session Info:UserId:1, POST Values:[]
System.InvalidOperationException: Nullable object must have a value.
   at System.ThrowHelper.ThrowInvalidOperationException(ExceptionResource resource)
   at System.Nullable`1.get_Value()
   at TimeAide.Web.Controllers.PayrollTaxManagementController.SaveEditTaxStatus(PayrollUpdateViewModel model) in D:\IdentTech-TimeAidePayroll\devOps\Repo\TimeAideWeb\Controllers\PayrollTaxManagementController.cs:line 139
2021-12-27 20:44:12.4239:ERROR: Route Info:(POST)PayrollTaxManagement/SaveEditTaxStatus/;, Session Info:UserId:1, POST Values:[]
System.InvalidOperationException: Nullable object must have a value.
   at System.ThrowHelper.ThrowInvalidOperationException(ExceptionResource resource)
   at System.Nullable`1.get_Value()
   at TimeAide.Web.Controllers.PayrollTaxManagementController.SaveEditTaxStatus(PayrollUpdateViewModel model) in D:\IdentTech-TimeAidePayroll\devOps\Repo\TimeAideWeb\Controllers\PayrollTaxManagementController.cs:line 139
2021-12-27 20:45:10.9702:ERROR: Route Info:(POST)PayrollTaxManagement/SaveEditTaxStatus/;, Session Info:UserId:1, POST Values:[]
System.InvalidOperationException: Nullable object must have a value.
   at System.ThrowHelper.ThrowInvalidOperationException(ExceptionResource resource)
   at System.Nullable`1.get_Value()
   at TimeAide.Web.Controllers.PayrollTaxManagementController.SaveEditTaxStatus(PayrollUpdateViewModel model) in D:\IdentTech-TimeAidePayroll\devOps\Repo\TimeAideWeb\Controllers\PayrollTaxManagementController.cs:line 139
2021-12-27 22:24:45.6635:ERROR: Route Info:(GET)PayrollTaxManagement/AjaxEditTaxStatus/;payrollId=1&statusTypeId=0, Session Info:UserId:1, POST Values:[]
System.Web.HttpCompileException (0x80004005): D:\IdentTech-TimeAidePayroll\devOps\Repo\TimeAideWeb\Views\PayrollTaxManagement\AjaxEditTaxStatus.cshtml(15): error CS1973: 'HtmlHelper<Payroll>' has no applicable method named 'Hidden' but appears to have an extension method by that name. Extension methods cannot be dynamically dispatched. Consider casting the dynamic arguments or calling the extension method without the extension method syntax.
   at System.Web.Compilation.AssemblyBuilder.Compile()
   at System.Web.Compilation.BuildProvidersCompiler.PerformBuild()
   at System.Web.Compilation.BuildManager.CompileWebFile(VirtualPath virtualPath)
   at System.Web.Compilation.BuildManager.GetVPathBuildResultInternal(VirtualPath virtualPath, Boolean noBuild, Boolean allowCrossApp, Boolean allowBuildInPrecompile, Boolean throwIfNotFound, Boolean ensureIsUpToDate)
   at System.Web.Compilation.BuildManager.GetVPathBuildResultWithNoAssert(HttpContext context, VirtualPath virtualPath, Boolean noBuild, Boolean allowCrossApp, Boolean allowBuildInPrecompile, Boolean throwIfNotFound, Boolean ensureIsUpToDate)
   at System.Web.Compilation.BuildManager.GetVirtualPathObjectFactory(VirtualPath virtualPath, HttpContext context, Boolean allowCrossApp, Boolean throwIfNotFound)
   at System.Web.Compilation.BuildManager.GetCompiledType(VirtualPath virtualPath)
   at System.Web.Compilation.BuildManager.GetCompiledType(String virtualPath)
   at System.Web.Mvc.BuildManagerWrapper.System.Web.Mvc.IBuildManager.GetCompiledType(String virtualPath)
   at System.Web.Mvc.BuildManagerCompiledView.Render(ViewContext viewContext, TextWriter writer)
   at System.Web.Mvc.ViewResultBase.ExecuteResult(ControllerContext context)
   at System.Web.Mvc.ControllerActionInvoker.InvokeActionResult(ControllerContext controllerContext, ActionResult actionResult)
   at System.Web.Mvc.ControllerActionInvoker.InvokeActionResultFilterRecursive(IList`1 filters, Int32 filterIndex, ResultExecutingContext preContext, ControllerContext controllerContext, ActionResult actionResult)
   at System.Web.Mvc.ControllerActionInvoker.InvokeActionResultFilterRecursive(IList`1 filters, Int32 filterIndex, ResultExecutingContext preContext, ControllerContext controllerContext, ActionResult actionResult)
   at System.Web.Mvc.ControllerActionInvoker.InvokeActionResultWithFilters(ControllerContext controllerContext, IList`1 filters, ActionResult actionResult)
   at System.Web.Mvc.Async.AsyncControllerActionInvoker.<>c__DisplayClass21.<>c__DisplayClass2b.<BeginInvokeAction>b__1c()
   at System.Web.Mvc.Async.AsyncControllerActionInvoker.<>c__DisplayClass21.<BeginInvokeAction>b__1e(IAsyncResult asyncResult)
